#Version: 1.0
#Start-Date:  2011-10-03 07:24:08 (utc)
#Software: Adobe Systems Inc. connectaddin 9,4,81,0
#Location: ~/connectaddin.log
#Fields: time x-milliseconds x-source x-comment
07:24:08	1317626648	Player	Locale = en_US.UTF-8
07:24:08	1317626648	Player	LANG en_US.UTF-8 locale en_US.UTF-8
07:24:08	1317626648	Player	Flash locale en
07:24:08	1317626648	Player	Locale = en
07:24:08	1317626648	Player	SetURL 9e0d060 /tmp/FlashnFwJGP
07:24:08	1317626648	Player	LoadMovie: init: 0 file:/tmp/FlashnFwJGP
07:24:08	1317626648	Player	GetURL 9e0d060 /tmp/FlashnFwJGP
07:24:08	1317626648	Player	WindowGtk::ExposeEvent: LoadMovie /tmp/FlashnFwJGP
07:24:08	1317626648	Player	LoadMovie: init: 1 file:/tmp/FlashnFwJGP
07:24:08	1317626648	Player	Initializing core globals.
07:24:08	1317626648	Player	TSafeThread::Start
07:24:08	1317626648	Player	07:24:08	1317626648	Player	ThreadStartProc
TSafeThread::Start
07:24:08	1317626648	Player	TSafeThread::Run
07:24:08	1317626648	Player	TSafeThread::Start
07:24:08	1317626648	Player	ThreadStartProc
07:24:08	1317626648	Player	07:24:08	1317626648	Player	TSafeThread::Start
ThreadStartProc
07:24:08	1317626648	Player	TSafeThread::Run
07:24:08	1317626648	Player	TSafeThread::Run
07:24:08	1317626648	Player	ThreadStartProc
07:24:08	1317626648	Player	TSafeThread::Run
07:24:08	1317626648	Player	Dynamic Load ALSA
07:24:08	1317626648	Player	EnhancedMicrophoneManager::StartEnhancedAudio()
07:24:08	1317626648	Player	Enhanced input device: 
07:24:08	1317626648	Player	TSafeThread::Start
07:24:08	1317626648	Player	ThreadStartProc
07:24:08	1317626648	Player	TSafeThread::Run
07:24:08	1317626648	Player	Core Player constructor
07:24:08	1317626648	Player	Core Player constructor complete
07:24:08	1317626648	Player	depth 1
07:24:08	1317626648	Player	UnixCommonPlayer::ChoosePixmapFormat depth = 24
07:24:08	1317626648	Player	FreeBuffer
07:24:08	1317626648	Player	Locale of input method en_US.UTF-8
07:24:08	1317626648	Player	IM Value = queryInputStyle
07:24:08	1317626648	Player	IM Value = resourceName
07:24:08	1317626648	Player	IM Value = resourceClass
07:24:08	1317626648	Player	IM Value = destroyCallback
07:24:08	1317626648	Player	IM Value = queryIMValuesList
07:24:08	1317626648	Player	IM Value = queryICValuesList
07:24:08	1317626648	Player	IM Value = visiblePosition
07:24:08	1317626648	Player	810
07:24:08	1317626648	Player		XIMPreeditNone
07:24:08	1317626648	Player	408
07:24:08	1317626648	Player		XIMPreeditNothing
07:24:08	1317626648	Player	LoadMovie file:///tmp/FlashnFwJGP
07:24:08	1317626648	Player	LoadFile file:///tmp/FlashnFwJGP
07:24:08	1317626648	Player	PlatformURLStream constructor
07:24:08	1317626648	Player	PlatformURLStream::RequestUrl "file:///tmp/FlashnFwJGP" window = 0
07:24:08	1317626648	Player	PlatformFileStream::Initialize path=/tmp/FlashnFwJGP
07:24:08	1317626648	Player	StreamSetContentLength (success, length:2895) for file:///tmp/FlashnFwJGP
07:24:08	1317626648	Player	PlatformFileStream::Run
07:24:08	1317626648	Player	PushDataBuf scriptLen: 4718
07:24:08	1317626648	Player	FlashFileFindFirst opendir error: 
07:24:08	1317626648	Player	errno 0
07:24:08	1317626648	Player	FlashFileFindFirst opendir error: 
07:24:08	1317626648	Player	errno 0
07:24:08	1317626648	Player	PushDataBuf scriptLen: 1996
07:24:08	1317626648	Player	Begin InitGlobalObject for https://www.macromedia.com/support/flashplayer/sys/
07:24:08	1317626648	Player	SetCapabilitiesString: A=t&SA=t&SV=t&EV=t&MP3=t&AE=t&VE=t&ACC=f&PR=t&SP=t&SB=t&DEB=f&V=LNX%209%2C4%2C81%2C0&M=Adobe%20Linux&R=3600x1080&DP=92&COL=color&AR=1.009390&OS=Linux%202.6.38-11-generic&L=en&PT=StandAlone&AVD=f&LFD=f&WD=t&TLS=f
07:24:08	1317626648	Player	PushDataBuf scriptLen: 41756
07:24:08	1317626648	Player	End InitGlobalObject
07:24:08	1317626648	Player	FreeBuffer
07:24:08	1317626648	Player	Cache check failed _sans-medium-r
07:24:08	1317626648	Player	FindFont not cached /usr/share/fonts/truetype/ttf-dejavu/DejaVuSans.ttf-medium-r alias _sans
07:24:08	1317626648	Player	Font _sans-medium-r aliased to /usr/share/fonts/truetype/ttf-dejavu/DejaVuSans.ttf-medium-r
07:24:08	1317626648	Player	Begin InitGlobalObject for file:///tmp/FlashnFwJGP
07:24:08	1317626648	Player	SetCapabilitiesString: A=t&SA=t&SV=t&EV=t&MP3=t&AE=t&VE=t&ACC=f&PR=t&SP=t&SB=t&DEB=f&V=LNX%209%2C4%2C81%2C0&M=Adobe%20Linux&R=3600x1080&DP=92&COL=color&AR=1.009390&OS=Linux%202.6.38-11-generic&L=en&PT=StandAlone&AVD=f&LFD=f&WD=t&TLS=f
07:24:08	1317626648	Player	PushDataBuf scriptLen: 41756
07:24:08	1317626648	Player	End InitGlobalObject
07:24:08	1317626648	Player	PushDataComplete - first frame loaded 
07:24:08	1317626648	Player	UnixCommonPlayer::UpdateMousePos stat 1 x -335 y 197
07:24:08	1317626648	Player	LocalConnections cleaned up:  0 bad names removed
07:24:08	1317626648	Player	sactionGetURL2 'FSCommand:setWindowTitle' (24 characters)
07:24:08	1317626648	Player	sactionGetURL FSCommand:showmenu
07:24:08	1317626648	Player	StreamClose for file:///tmp/FlashnFwJGP
07:24:08	1317626648	Player	SetDataComplete(true) scriptLen: 4718, len: 4718  for file:///tmp/FlashnFwJGP 
07:24:08	1317626648	Player	PlatformFileStream::Terminate
07:24:08	1317626648	Player	end of CorePlayer::LoadFile file:///tmp/FlashnFwJGP
07:24:08	1317626648	Player	FocusEvent: true
07:24:08	1317626648	Player	FocusEvent: false
07:24:08	1317626648	Player	FreeBuffer
07:24:08	1317626648	Player	FreeBuffer
07:24:08	1317626648	Player	PlatformURLStream destructor
07:24:08	1317626648	Player	PlatformFileStream::Terminate
07:24:08	1317626648	Player	PlatformFSCommand is (setWindowTitle) (FSCommand:setWindowTitle) (Adobe Connect)
07:24:08	1317626648	Player	PlatformFSCommand is (showmenu) (FSCommand:showmenu) (false)
07:24:16	1317626656	Player	FocusEvent: true
07:24:16	1317626656	Player	FocusEvent: false
07:24:16	1317626656	Player	EnhancedMicrophoneManager::StopEnhancedAudio()
07:24:16	1317626656	Player	TSafeThread::Stop timeout
07:24:16	1317626656	Player	TSafeThread::Run finished
07:24:16	1317626656	Player	ThreadStartProc exiting
07:24:16	1317626656	Player	TSafeThread::Stop timeout
07:24:16	1317626656	Player	Destroying core globals.
07:24:16	1317626656	Player	TSafeThread::Run finished
07:24:16	1317626656	Player	ThreadStartProc exiting
07:24:16	1317626656	Player	TSafeThread::Stop timeout
07:24:16	1317626656	Player	TSafeThread::Stop timeout
07:24:16	1317626656	Player	TSafeThread::Run finished
07:24:16	1317626656	Player	ThreadStartProc exiting
07:24:16	1317626656	Player	TSafeThread::Stop timeout
07:24:16	1317626656	Player	TSafeThread::Stop timeout
07:24:16	1317626656	Player	TSafeThread::Run finished
07:24:16	1317626656	Player	ThreadStartProc exiting
07:24:16	1317626656	Player	TSafeThread::Stop timeout
07:24:16	1317626656	Player	TSafeThread::Stop timeout
07:24:16	1317626656	Player	TSafeThread::Run finished
07:24:16	1317626656	Player	ThreadStartProc exiting
07:24:16	1317626656	Player	TSafeThread::Stop timeout
07:24:16	1317626656	Player	TSafeThread::Stop timeout
07:24:16	1317626656	Player	Total number of SObject allocations 6
07:24:16	1317626656	Player	Max  number of SObject allocations 5
07:24:16	1317626656	Player	Total number of AuxData allocations 2
07:24:16	1317626656	Player	Max  number of AuxData allocations 2
07:24:16	1317626656	Player	Unique data stores that cause an AuxData allocation:
07:24:16	1317626656	Player	Entry cliplink : 0 0
07:24:16	1317626656	Player	Entry bits : 0 0
07:24:16	1317626656	Player	Entry droptargetpath : 0 0
07:24:16	1317626656	Player	Entry edittext : 2 1
07:24:16	1317626656	Player	Entry paccobject : 0 0
07:24:16	1317626656	Player	Entry surface : 0 0
07:24:16	1317626656	Player	Entry codecinstance : 0 0
07:24:16	1317626656	Player	Entry curbitmapframe : 0 0
07:24:16	1317626656	Player	Entry clipdepth : 0 0
07:24:16	1317626656	Player	Entry blendmode : 0 0
07:24:16	1317626656	Player	Entry tabindex : 0 0
07:24:16	1317626656	Player	Entry focusrect : 0 0
07:24:16	1317626656	Player	Entry drawinfo : 0 0
07:24:16	1317626656	Player	Entry colortransform : 0 0
07:24:16	1317626656	Player	Entry selectglyphinfo : 0 0
07:24:16	1317626656	Player	Entry nextChildToDelete : 0 0
07:24:16	1317626656	Player	Entry scale9splitter : 0 0
07:24:16	1317626656	Player	Entry scale9bounder : 0 0
07:24:16	1317626656	Player	Entry Ratio : 0 0
07:24:16	1317626656	Player	Entry avmDropTarget : 0 0
07:24:16	1317626656	Player	Entry CSMSettings : 0 0
