Waf: Entering directory `/home/lauril/dev/symphony/ns-3.11/build'
Waf: Leaving directory `/home/lauril/dev/symphony/ns-3.11/build'
'build' finished successfully (0.141s)
RegularWifiMac:RegularWifiMac(0x16316a0)
MacRxMiddle:MacRxMiddle()
MacRxMiddle:SetForwardCallback()
[mac=00:00:00:00:00:00] MacLow:MacLow(0x1631890)
DcaTxop:DcaTxop(0x1631c80)
DcaTxop:SetMinCw(0x1631c80, 15)
DcaTxop:SetMaxCw(0x1631c80, 1023)
DcaTxop:SetAifsn(0x1631c80, 2)
DcaTxop:SetLow(0x1631c80, 0x1631890)
[mac=00:00:00:00:00:00] DcaTxop:SetManager(0x1631c80, 0x1631b60)
RegularWifiMac:SetupEdcaQueue(0x16316a0, 3)
EdcaTxopN:EdcaTxopN(0x1631f20)
EdcaTxopN:SetMinCw(0x1631f20, 15)
EdcaTxopN:SetMaxCw(0x1631f20, 1023)
EdcaTxopN:SetAifsn(0x1631f20, 2)
EdcaTxopN:SetLow(0x1631f20, 0x1631890)
[mac=00:00:00:00:00:00] EdcaTxopN:SetManager(0x1631f20, 0x1631b60)
[mac=00:00:00:00:00:00] EdcaTxopN:CompleteConfig(0x1631f20)
RegularWifiMac:SetupEdcaQueue(0x16316a0, 2)
EdcaTxopN:EdcaTxopN(0x16323e0)
EdcaTxopN:SetMinCw(0x16323e0, 15)
EdcaTxopN:SetMaxCw(0x16323e0, 1023)
EdcaTxopN:SetAifsn(0x16323e0, 2)
EdcaTxopN:SetLow(0x16323e0, 0x1631890)
[mac=00:00:00:00:00:00] EdcaTxopN:SetManager(0x16323e0, 0x1631b60)
[mac=00:00:00:00:00:00] EdcaTxopN:CompleteConfig(0x16323e0)
RegularWifiMac:SetupEdcaQueue(0x16316a0, 0)
EdcaTxopN:EdcaTxopN(0x1632890)
EdcaTxopN:SetMinCw(0x1632890, 15)
EdcaTxopN:SetMaxCw(0x1632890, 1023)
EdcaTxopN:SetAifsn(0x1632890, 2)
EdcaTxopN:SetLow(0x1632890, 0x1631890)
[mac=00:00:00:00:00:00] EdcaTxopN:SetManager(0x1632890, 0x1631b60)
[mac=00:00:00:00:00:00] EdcaTxopN:CompleteConfig(0x1632890)
RegularWifiMac:SetupEdcaQueue(0x16316a0, 1)
EdcaTxopN:EdcaTxopN(0x1632d10)
EdcaTxopN:SetMinCw(0x1632d10, 15)
EdcaTxopN:SetMaxCw(0x1632d10, 1023)
EdcaTxopN:SetAifsn(0x1632d10, 2)
EdcaTxopN:SetLow(0x1632d10, 0x1631890)
[mac=00:00:00:00:00:00] EdcaTxopN:SetManager(0x1632d10, 0x1631b60)
[mac=00:00:00:00:00:00] EdcaTxopN:CompleteConfig(0x1632d10)
AdhocWifiMac:AdhocWifiMac(0x16316a0)
RegularWifiMac:SetTypeOfStation(0x16316a0, 2)
[mac=00:00:00:00:00:00] EdcaTxopN:SetTypeOfStation(0x1632890, 2)
[mac=00:00:00:00:00:00] EdcaTxopN:SetTypeOfStation(0x1632d10, 2)
[mac=00:00:00:00:00:00] EdcaTxopN:SetTypeOfStation(0x16323e0, 2)
[mac=00:00:00:00:00:00] EdcaTxopN:SetTypeOfStation(0x1631f20, 2)
RegularWifiMac:SetQosSupported(0x16316a0)
RegularWifiMac:SetCtsTimeout(0x16316a0, +75000.0ns)
RegularWifiMac:SetAckTimeout(0x16316a0, +75000.0ns)
RegularWifiMac:SetBasicBlockAckTimeout(0x16316a0, +281000.0ns)
RegularWifiMac:SetCompressedBlockAckTimeout(0x16316a0, +99000.0ns)
RegularWifiMac:SetSifs(0x16316a0, +16000.0ns)
RegularWifiMac:SetEifsNoDifs(0x16316a0, +60000.0ns)
RegularWifiMac:SetSlot(0x16316a0, +9000.0ns)
RegularWifiMac:SetPifs(0x16316a0, +25000.0ns)
RegularWifiMac:SetSsid(0x16316a0, default)
WifiPhy:WifiPhy(0x1633200)
YansWifiPhy:YansWifiPhy(0x1633200)
WifiPhyStateHelper:WifiPhyStateHelper(0x16333b0)
YansWifiPhy:SetEdThreshold(0x1633200, -96)
YansWifiPhy:SetCcaMode1Threshold(0x1633200, -99)
YansWifiPhy:SetTxGain(0x1633200, 1)
YansWifiPhy:SetRxGain(0x1633200, 0)
YansWifiPhy:SetTxPowerEnd(0x1633200, 16.0206)
YansWifiPhy:SetTxPowerStart(0x1633200, 16.0206)
YansWifiPhy:SetRxNoiseFigure(0x1633200, 7)
start at channel 1
RegularWifiMac:SetAddress(0x16316a0, 00:00:00:00:00:01)
RegularWifiMac:SetBssid(0x16316a0, 00:00:00:00:00:01)
RegularWifiMac:SetSifs(0x16316a0, +10000.0ns)
RegularWifiMac:SetSlot(0x16316a0, +20000.0ns)
RegularWifiMac:SetEifsNoDifs(0x16316a0, +314000.0ns)
RegularWifiMac:SetPifs(0x16316a0, +30000.0ns)
RegularWifiMac:SetCtsTimeout(0x16316a0, +340000.0ns)
RegularWifiMac:SetAckTimeout(0x16316a0, +340000.0ns)
[mac=00:00:00:00:00:01] DcaTxop:SetMinCw(0x1631c80, 31)
[mac=00:00:00:00:00:01] DcaTxop:SetMaxCw(0x1631c80, 1023)
[mac=00:00:00:00:00:01] DcaTxop:SetAifsn(0x1631c80, 2)
[mac=00:00:00:00:00:01] EdcaTxopN:SetMinCw(0x1632890, 31)
[mac=00:00:00:00:00:01] EdcaTxopN:SetMaxCw(0x1632890, 1023)
[mac=00:00:00:00:00:01] EdcaTxopN:SetAifsn(0x1632890, 3)
[mac=00:00:00:00:00:01] EdcaTxopN:SetMinCw(0x1632d10, 31)
[mac=00:00:00:00:00:01] EdcaTxopN:SetMaxCw(0x1632d10, 1023)
[mac=00:00:00:00:00:01] EdcaTxopN:SetAifsn(0x1632d10, 7)
[mac=00:00:00:00:00:01] EdcaTxopN:SetMinCw(0x16323e0, 15)
[mac=00:00:00:00:00:01] EdcaTxopN:SetMaxCw(0x16323e0, 31)
[mac=00:00:00:00:00:01] EdcaTxopN:SetAifsn(0x16323e0, 2)
[mac=00:00:00:00:00:01] EdcaTxopN:SetMinCw(0x1631f20, 7)
[mac=00:00:00:00:00:01] EdcaTxopN:SetMaxCw(0x1631f20, 15)
[mac=00:00:00:00:00:01] EdcaTxopN:SetAifsn(0x1631f20, 2)
YansWifiPhy:ConfigureStandard(0x1633200, 1)
YansWifiPhy:Configure80211b(0x1633200)
RegularWifiMac:SetWifiRemoteStationManager(0x16316a0, 0x1631590)
[mac=00:00:00:00:00:01] DcaTxop:SetWifiRemoteStationManager(0x1631c80, 0x1631590)
[mac=00:00:00:00:00:01] EdcaTxopN:SetWifiRemoteStationManager(0x1632890, 0x1631590)
[mac=00:00:00:00:00:01] EdcaTxopN:SetWifiRemoteStationManager(0x1632d10, 0x1631590)
[mac=00:00:00:00:00:01] EdcaTxopN:SetWifiRemoteStationManager(0x16323e0, 0x1631590)
[mac=00:00:00:00:00:01] EdcaTxopN:SetWifiRemoteStationManager(0x1631f20, 0x1631590)
RegularWifiMac:SetWifiPhy(0x16316a0, 0x1633200)
RegularWifiMac:SetForwardUpCallback(0x16316a0)
AdhocWifiMac:SetLinkUpCallback(0x16316a0)
RegularWifiMac:SetLinkUpCallback(0x16316a0)
RegularWifiMac:SetLinkDownCallback(0x16316a0)
RegularWifiMac:RegularWifiMac(0x1633960)
MacRxMiddle:MacRxMiddle()
MacRxMiddle:SetForwardCallback()
[mac=00:00:00:00:00:00] MacLow:MacLow(0x1633bc0)
DcaTxop:DcaTxop(0x1633fe0)
DcaTxop:SetMinCw(0x1633fe0, 15)
DcaTxop:SetMaxCw(0x1633fe0, 1023)
DcaTxop:SetAifsn(0x1633fe0, 2)
DcaTxop:SetLow(0x1633fe0, 0x1633bc0)
[mac=00:00:00:00:00:00] DcaTxop:SetManager(0x1633fe0, 0x1633ec0)
RegularWifiMac:SetupEdcaQueue(0x1633960, 3)
EdcaTxopN:EdcaTxopN(0x16342b0)
EdcaTxopN:SetMinCw(0x16342b0, 15)
EdcaTxopN:SetMaxCw(0x16342b0, 1023)
EdcaTxopN:SetAifsn(0x16342b0, 2)
EdcaTxopN:SetLow(0x16342b0, 0x1633bc0)
[mac=00:00:00:00:00:00] EdcaTxopN:SetManager(0x16342b0, 0x1633ec0)
[mac=00:00:00:00:00:00] EdcaTxopN:CompleteConfig(0x16342b0)
RegularWifiMac:SetupEdcaQueue(0x1633960, 2)
EdcaTxopN:EdcaTxopN(0x1634770)
EdcaTxopN:SetMinCw(0x1634770, 15)
EdcaTxopN:SetMaxCw(0x1634770, 1023)
EdcaTxopN:SetAifsn(0x1634770, 2)
EdcaTxopN:SetLow(0x1634770, 0x1633bc0)
[mac=00:00:00:00:00:00] EdcaTxopN:SetManager(0x1634770, 0x1633ec0)
[mac=00:00:00:00:00:00] EdcaTxopN:CompleteConfig(0x1634770)
RegularWifiMac:SetupEdcaQueue(0x1633960, 0)
EdcaTxopN:EdcaTxopN(0x1634c20)
EdcaTxopN:SetMinCw(0x1634c20, 15)
EdcaTxopN:SetMaxCw(0x1634c20, 1023)
EdcaTxopN:SetAifsn(0x1634c20, 2)
EdcaTxopN:SetLow(0x1634c20, 0x1633bc0)
[mac=00:00:00:00:00:00] EdcaTxopN:SetManager(0x1634c20, 0x1633ec0)
[mac=00:00:00:00:00:00] EdcaTxopN:CompleteConfig(0x1634c20)
RegularWifiMac:SetupEdcaQueue(0x1633960, 1)
EdcaTxopN:EdcaTxopN(0x16350a0)
EdcaTxopN:SetMinCw(0x16350a0, 15)
EdcaTxopN:SetMaxCw(0x16350a0, 1023)
EdcaTxopN:SetAifsn(0x16350a0, 2)
EdcaTxopN:SetLow(0x16350a0, 0x1633bc0)
[mac=00:00:00:00:00:00] EdcaTxopN:SetManager(0x16350a0, 0x1633ec0)
[mac=00:00:00:00:00:00] EdcaTxopN:CompleteConfig(0x16350a0)
AdhocWifiMac:AdhocWifiMac(0x1633960)
RegularWifiMac:SetTypeOfStation(0x1633960, 2)
[mac=00:00:00:00:00:00] EdcaTxopN:SetTypeOfStation(0x1634c20, 2)
[mac=00:00:00:00:00:00] EdcaTxopN:SetTypeOfStation(0x16350a0, 2)
[mac=00:00:00:00:00:00] EdcaTxopN:SetTypeOfStation(0x1634770, 2)
[mac=00:00:00:00:00:00] EdcaTxopN:SetTypeOfStation(0x16342b0, 2)
RegularWifiMac:SetQosSupported(0x1633960)
RegularWifiMac:SetCtsTimeout(0x1633960, +75000.0ns)
RegularWifiMac:SetAckTimeout(0x1633960, +75000.0ns)
RegularWifiMac:SetBasicBlockAckTimeout(0x1633960, +281000.0ns)
RegularWifiMac:SetCompressedBlockAckTimeout(0x1633960, +99000.0ns)
RegularWifiMac:SetSifs(0x1633960, +16000.0ns)
RegularWifiMac:SetEifsNoDifs(0x1633960, +60000.0ns)
RegularWifiMac:SetSlot(0x1633960, +9000.0ns)
RegularWifiMac:SetPifs(0x1633960, +25000.0ns)
RegularWifiMac:SetSsid(0x1633960, default)
WifiPhy:WifiPhy(0x1635590)
YansWifiPhy:YansWifiPhy(0x1635590)
WifiPhyStateHelper:WifiPhyStateHelper(0x1635740)
YansWifiPhy:SetEdThreshold(0x1635590, -96)
YansWifiPhy:SetCcaMode1Threshold(0x1635590, -99)
YansWifiPhy:SetTxGain(0x1635590, 1)
YansWifiPhy:SetRxGain(0x1635590, 0)
YansWifiPhy:SetTxPowerEnd(0x1635590, 16.0206)
YansWifiPhy:SetTxPowerStart(0x1635590, 16.0206)
YansWifiPhy:SetRxNoiseFigure(0x1635590, 7)
start at channel 1
RegularWifiMac:SetAddress(0x1633960, 00:00:00:00:00:02)
RegularWifiMac:SetBssid(0x1633960, 00:00:00:00:00:02)
RegularWifiMac:SetSifs(0x1633960, +10000.0ns)
RegularWifiMac:SetSlot(0x1633960, +20000.0ns)
RegularWifiMac:SetEifsNoDifs(0x1633960, +314000.0ns)
RegularWifiMac:SetPifs(0x1633960, +30000.0ns)
RegularWifiMac:SetCtsTimeout(0x1633960, +340000.0ns)
RegularWifiMac:SetAckTimeout(0x1633960, +340000.0ns)
[mac=00:00:00:00:00:02] DcaTxop:SetMinCw(0x1633fe0, 31)
[mac=00:00:00:00:00:02] DcaTxop:SetMaxCw(0x1633fe0, 1023)
[mac=00:00:00:00:00:02] DcaTxop:SetAifsn(0x1633fe0, 2)
[mac=00:00:00:00:00:02] EdcaTxopN:SetMinCw(0x1634c20, 31)
[mac=00:00:00:00:00:02] EdcaTxopN:SetMaxCw(0x1634c20, 1023)
[mac=00:00:00:00:00:02] EdcaTxopN:SetAifsn(0x1634c20, 3)
[mac=00:00:00:00:00:02] EdcaTxopN:SetMinCw(0x16350a0, 31)
[mac=00:00:00:00:00:02] EdcaTxopN:SetMaxCw(0x16350a0, 1023)
[mac=00:00:00:00:00:02] EdcaTxopN:SetAifsn(0x16350a0, 7)
[mac=00:00:00:00:00:02] EdcaTxopN:SetMinCw(0x1634770, 15)
[mac=00:00:00:00:00:02] EdcaTxopN:SetMaxCw(0x1634770, 31)
[mac=00:00:00:00:00:02] EdcaTxopN:SetAifsn(0x1634770, 2)
[mac=00:00:00:00:00:02] EdcaTxopN:SetMinCw(0x16342b0, 7)
[mac=00:00:00:00:00:02] EdcaTxopN:SetMaxCw(0x16342b0, 15)
[mac=00:00:00:00:00:02] EdcaTxopN:SetAifsn(0x16342b0, 2)
YansWifiPhy:ConfigureStandard(0x1635590, 1)
YansWifiPhy:Configure80211b(0x1635590)
RegularWifiMac:SetWifiRemoteStationManager(0x1633960, 0x1633850)
[mac=00:00:00:00:00:02] DcaTxop:SetWifiRemoteStationManager(0x1633fe0, 0x1633850)
[mac=00:00:00:00:00:02] EdcaTxopN:SetWifiRemoteStationManager(0x1634c20, 0x1633850)
[mac=00:00:00:00:00:02] EdcaTxopN:SetWifiRemoteStationManager(0x16350a0, 0x1633850)
[mac=00:00:00:00:00:02] EdcaTxopN:SetWifiRemoteStationManager(0x1634770, 0x1633850)
[mac=00:00:00:00:00:02] EdcaTxopN:SetWifiRemoteStationManager(0x16342b0, 0x1633850)
RegularWifiMac:SetWifiPhy(0x1633960, 0x1635590)
RegularWifiMac:SetForwardUpCallback(0x1633960)
AdhocWifiMac:SetLinkUpCallback(0x1633960)
RegularWifiMac:SetLinkUpCallback(0x1633960)
RegularWifiMac:SetLinkDownCallback(0x1633960)
Testing 1 packets sent with receiver rss -80
first pkt: 
Payload (size=5)
 second pkt: 
Payload (size=5)RegularWifiMac:DoStart(0x16316a0)
+0.0ns 0x1631d90 start backoff=26 slots
+0.0ns 0x16329e0 start backoff=26 slots
+0.0ns 0x1632e80 start backoff=30 slots
+0.0ns 0x1632530 start backoff=15 slots
+0.0ns 0x1632090 start backoff=5 slots
RegularWifiMac:DoStart(0x1633960)
+0.0ns 0x16340f0 start backoff=20 slots
+0.0ns 0x1634d70 start backoff=22 slots
+0.0ns 0x1635210 start backoff=1 slots
+0.0ns 0x16348c0 start backoff=2 slots
+0.0ns 0x1634420 start backoff=4 slots
AdhocWifiMac:Enqueue(0x1633960, 0x163fa00, ff:ff:ff:ff:ff:ff)
[mac=00:00:00:00:00:02] DcaTxop:Queue(0x1633fe0, 0x163fa00, 0x7fffa8180930)
[mac=00:00:00:00:00:02] DcaTxop:StartAccessIfNeeded(0x1633fe0)
access grant start=+10000.0ns, rx access start=+10000.0ns, busy access start=+10000.0ns, tx access start=+10000.0ns, nav access start=+10000.0ns
+10000000000.0ns 0x1633ec0 dcf 0 dec backoff slots=20
+10000000000.0ns 0x16340f0 update slots=20 slots, backoff=0
access grant start=+10000.0ns, rx access start=+10000.0ns, busy access start=+10000.0ns, tx access start=+10000.0ns, nav access start=+10000.0ns
+10000000000.0ns 0x1633ec0 dcf 1 dec backoff slots=4
+10000000000.0ns 0x1634420 update slots=4 slots, backoff=0
access grant start=+10000.0ns, rx access start=+10000.0ns, busy access start=+10000.0ns, tx access start=+10000.0ns, nav access start=+10000.0ns
+10000000000.0ns 0x1633ec0 dcf 2 dec backoff slots=2
+10000000000.0ns 0x16348c0 update slots=2 slots, backoff=0
access grant start=+10000.0ns, rx access start=+10000.0ns, busy access start=+10000.0ns, tx access start=+10000.0ns, nav access start=+10000.0ns
+10000000000.0ns 0x1633ec0 dcf 3 dec backoff slots=22
+10000000000.0ns 0x1634d70 update slots=22 slots, backoff=0
access grant start=+10000.0ns, rx access start=+10000.0ns, busy access start=+10000.0ns, tx access start=+10000.0ns, nav access start=+10000.0ns
+10000000000.0ns 0x1633ec0 dcf 4 dec backoff slots=1
+10000000000.0ns 0x1635210 update slots=1 slots, backoff=0
access grant start=+10000.0ns, rx access start=+10000.0ns, busy access start=+10000.0ns, tx access start=+10000.0ns, nav access start=+10000.0ns
+10000000000.0ns 0x1633ec0 dcf 0 needs access. backoff expired. access granted. slots=0
[mac=00:00:00:00:00:02] DcaTxop:NotifyAccessGranted(0x1633fe0)
[mac=00:00:00:00:00:02] dequeued size=41, to=ff:ff:ff:ff:ff:ff, seq=0
[mac=00:00:00:00:00:02] MacLow:StartTransmission(0x1633bc0, 0x163fa00, 0x1634060, [send rts=0, next size=0, dur=+0.0ns, ack=none], 0x16340d0)
[mac=00:00:00:00:00:02] MacLow:CancelAllEvents(0x1633bc0)
[mac=00:00:00:00:00:02] startTx size=69, to=ff:ff:ff:ff:ff:ff, listener=0x16340d0
[mac=00:00:00:00:00:02] MacLow:SendDataPacket(0x1633bc0)
WifiPhy:GetPayloadDurationMicroSeconds(69, DsssRate1Mbps)
 size=69 mode=DsssRate1Mbps rate=1000000
[mac=00:00:00:00:00:02] MacLow:ForwardDown(0x1633bc0, 0x163fb20, 0x1633d20, DsssRate1Mbps)
[mac=00:00:00:00:00:02] send DATA, to=ff:ff:ff:ff:ff:ff, size=69, mode=DsssRate1Mbps, duration=+0.0ns, seq=0x0
YansWifiPhy:SendPacket(0x1635590, 0x163fb20, DsssRate1Mbps, 0, 0)
WifiPhy:GetPayloadDurationMicroSeconds(69, DsssRate1Mbps)
 size=69 mode=DsssRate1Mbps rate=1000000
+10000000000.0ns 0x1633ec0 tx start for +744000.0ns
access grant start=+10000.0ns, rx access start=+10000.0ns, busy access start=+10000.0ns, tx access start=+10000.0ns, nav access start=+10000.0ns
+10000000000.0ns 0x1633ec0 dcf 0 dec backoff slots=0
+10000000000.0ns 0x16340f0 update slots=0 slots, backoff=0
access grant start=+10000.0ns, rx access start=+10000.0ns, busy access start=+10000.0ns, tx access start=+10000.0ns, nav access start=+10000.0ns
+10000000000.0ns 0x1633ec0 dcf 1 dec backoff slots=0
+10000000000.0ns 0x1634420 update slots=0 slots, backoff=0
access grant start=+10000.0ns, rx access start=+10000.0ns, busy access start=+10000.0ns, tx access start=+10000.0ns, nav access start=+10000.0ns
+10000000000.0ns 0x1633ec0 dcf 2 dec backoff slots=0
+10000000000.0ns 0x16348c0 update slots=0 slots, backoff=0
access grant start=+10000.0ns, rx access start=+10000.0ns, busy access start=+10000.0ns, tx access start=+10000.0ns, nav access start=+10000.0ns
+10000000000.0ns 0x1633ec0 dcf 3 dec backoff slots=0
+10000000000.0ns 0x1634d70 update slots=0 slots, backoff=0
access grant start=+10000.0ns, rx access start=+10000.0ns, busy access start=+10000.0ns, tx access start=+10000.0ns, nav access start=+10000.0ns
+10000000000.0ns 0x1633ec0 dcf 4 dec backoff slots=0
+10000000000.0ns 0x1635210 update slots=0 slots, backoff=0
propagation: txPower=17.0206dbm, rxPower=-80dbm, distance=5m, delay=+16.0ns
+10000000000.0ns 0x16340f0 start backoff=17 slots
[mac=00:00:00:00:00:02] DcaTxop:StartAccessIfNeeded(0x1633fe0)
[mac=00:00:00:00:00:02] tx broadcast
YansWifiPhy:StartReceivePacket(0x1633200, 0x163fc40, -80, DsssRate1Mbps, 0)
WifiPhy:GetPayloadDurationMicroSeconds(69, DsssRate1Mbps)
 size=69 mode=DsssRate1Mbps rate=1000000
sync to signal (power=1e-11W)
+10000000016.0ns 0x1631b60 rx start for=+744000.0ns
access grant start=+10000.0ns, rx access start=+10000.0ns, busy access start=+10000.0ns, tx access start=+10000.0ns, nav access start=+10000.0ns
+10000000016.0ns 0x1631b60 dcf 0 dec backoff slots=26
+10000000016.0ns 0x1631d90 update slots=26 slots, backoff=0
access grant start=+10000.0ns, rx access start=+10000.0ns, busy access start=+10000.0ns, tx access start=+10000.0ns, nav access start=+10000.0ns
+10000000016.0ns 0x1631b60 dcf 1 dec backoff slots=5
+10000000016.0ns 0x1632090 update slots=5 slots, backoff=0
access grant start=+10000.0ns, rx access start=+10000.0ns, busy access start=+10000.0ns, tx access start=+10000.0ns, nav access start=+10000.0ns
+10000000016.0ns 0x1631b60 dcf 2 dec backoff slots=15
+10000000016.0ns 0x1632530 update slots=15 slots, backoff=0
access grant start=+10000.0ns, rx access start=+10000.0ns, busy access start=+10000.0ns, tx access start=+10000.0ns, nav access start=+10000.0ns
+10000000016.0ns 0x1631b60 dcf 3 dec backoff slots=26
+10000000016.0ns 0x16329e0 update slots=26 slots, backoff=0
access grant start=+10000.0ns, rx access start=+10000.0ns, busy access start=+10000.0ns, tx access start=+10000.0ns, nav access start=+10000.0ns
+10000000016.0ns 0x1631b60 dcf 4 dec backoff slots=30
+10000000016.0ns 0x1632e80 update slots=30 slots, backoff=0
YansWifiPhy:EndReceive(0x1633200, 0x163fc40, 0x1630dc0)
mode=1000000, snr=22.6572, per=0, size=69
+10000744016.0ns 0x1631b60 rx end ok
[mac=00:00:00:00:00:01] MacLow:ReceiveOk(0x1631890, 0x163fc40, 22.6572, DsssRate1Mbps, 0)
[mac=00:00:00:00:00:01] duration/id=+0.0ns
+10000744016.0ns 0x1631b60 nav start for=+0.0ns
access grant start=+10000754016.0ns, rx access start=+10000754016.0ns, busy access start=+10000.0ns, tx access start=+10000.0ns, nav access start=+10000.0ns
access grant start=+10000754016.0ns, rx access start=+10000754016.0ns, busy access start=+10000.0ns, tx access start=+10000.0ns, nav access start=+10000.0ns
access grant start=+10000754016.0ns, rx access start=+10000754016.0ns, busy access start=+10000.0ns, tx access start=+10000.0ns, nav access start=+10000.0ns
access grant start=+10000754016.0ns, rx access start=+10000754016.0ns, busy access start=+10000.0ns, tx access start=+10000.0ns, nav access start=+10000.0ns
access grant start=+10000754016.0ns, rx access start=+10000754016.0ns, busy access start=+10000.0ns, tx access start=+10000.0ns, nav access start=+10000.0ns
[mac=00:00:00:00:00:01] rx group from=00:00:00:00:00:02
MacRxMiddle:Receive(0x163fc40, 0x7fffa8181960)
MacRxMiddle:Lookup(0x7fffa8181960)
MacRxMiddle:IsDuplicate(0x7fffa8181960, 0x163f870)
MacRxMiddle:HandleFragments(0x163fc40, 0x7fffa8181960, 0x163f870)
forwarding data from=00:00:00:00:00:02, seq=0, frag=0
AdhocWifiMac:Receive(0x16316a0, 0x163fc40, 0x7fffa8181960)
RegularWifiMac:ForwardUp(0x16316a0, 0x163fc40, 00:00:00:00:00:02)
Received one packet!
RegularWifiMac:DoDispose(0x16316a0)
MacRxMiddle:~MacRxMiddle()
[mac=00:00:00:00:00:01] MacLow:DoDispose(0x1631890)
[mac=00:00:00:00:00:01] DcaTxop:DoDispose(0x1631c80)
DcaTxop:~DcaTxop(0x1631c80)
[mac=00:00:00:00:00:01] EdcaTxopN:DoDispose(0x1632890)
EdcaTxopN:~EdcaTxopN(0x1632890)
[mac=00:00:00:00:00:01] EdcaTxopN:DoDispose(0x1632d10)
EdcaTxopN:~EdcaTxopN(0x1632d10)
[mac=00:00:00:00:00:01] EdcaTxopN:DoDispose(0x16323e0)
EdcaTxopN:~EdcaTxopN(0x16323e0)
[mac=00:00:00:00:00:01] EdcaTxopN:DoDispose(0x1631f20)
[mac=00:00:00:00:00:01] MacLow:~MacLow(0x1631890)
EdcaTxopN:~EdcaTxopN(0x1631f20)
YansWifiPhy:DoDispose(0x1633200)
AdhocWifiMac:~AdhocWifiMac(0x16316a0)
RegularWifiMac:~RegularWifiMac(0x16316a0)
RegularWifiMac:DoDispose(0x1633960)
MacRxMiddle:~MacRxMiddle()
[mac=00:00:00:00:00:02] MacLow:DoDispose(0x1633bc0)
[mac=00:00:00:00:00:02] DcaTxop:DoDispose(0x1633fe0)
DcaTxop:~DcaTxop(0x1633fe0)
[mac=00:00:00:00:00:02] EdcaTxopN:DoDispose(0x1634c20)
EdcaTxopN:~EdcaTxopN(0x1634c20)
[mac=00:00:00:00:00:02] EdcaTxopN:DoDispose(0x16350a0)
EdcaTxopN:~EdcaTxopN(0x16350a0)
[mac=00:00:00:00:00:02] EdcaTxopN:DoDispose(0x1634770)
EdcaTxopN:~EdcaTxopN(0x1634770)
[mac=00:00:00:00:00:02] EdcaTxopN:DoDispose(0x16342b0)
[mac=00:00:00:00:00:02] MacLow:~MacLow(0x1633bc0)
EdcaTxopN:~EdcaTxopN(0x16342b0)
YansWifiPhy:DoDispose(0x1635590)
AdhocWifiMac:~AdhocWifiMac(0x1633960)
RegularWifiMac:~RegularWifiMac(0x1633960)
YansWifiChannel:~YansWifiChannel()
YansWifiPhy:~YansWifiPhy(0x1633200)
WifiPhy:~WifiPhy(0x1633200)
YansWifiPhy:~YansWifiPhy(0x1635590)
WifiPhy:~WifiPhy(0x1635590)
