gateway call 0
488000
976000
1464000
1952000
2440000
2928000
3416000
3904000
4392000
4880000
5368000
5856000
6344000
6832000
7320000
7808000
8296000
8784000
9272000
9760000
10248000
10736000
11224000
11712000
12200000
12688000
13176000
13664000
14152000
14640000
15128000
15616000
16104000
16592000
17080000
17568000
18056000
18544000
19032000
19520000
20008000
20496000
20984000
21472000
21960000
22448000
22936000
23424000
23912000
24400000
24888000
25376000
25864000
26352000
26840000
27328000
27816000
28304000
28792000
29280000
29768000
30256000
30744000
31232000
31720000
32208000
32696000
33184000
33672000
34160000
34648000
35136000
35624000
36112000
36600000
37088000
37576000
38064000
38552000
39040000
39528000
40016000
40504000
40992000
41480000
41968000
42456000
42944000
43432000
43920000
44408000
44896000
45384000
45872000
46360000
46848000
47336000
47824000
48312000
48800000
49288000
49776000
50264000
50752000
51240000
51728000
52216000
52704000
53192000
53680000
54168000
54656000
55144000
55632000
56120000
56608000
57096000
57584000
58072000
58560000
59048000
59536000
60024000
60512000
61000000
61488000
61976000
62464000
62952000
63440000
63928000
64416000
64904000
65392000
65880000
66368000
66856000
67344000
67832000
68320000
68808000
69296000
69784000
70272000
70760000
71248000
71736000
72224000
72712000
73200000
73688000
74176000
74664000
75152000
75640000
76128000
76616000
77104000
77592000
78080000
78568000
79056000
79544000
80032000
80520000
81008000
81496000
81984000
82472000
82960000
83448000
83936000
84424000
84912000
85400000
85888000
86376000
86864000
87352000
87840000
88328000
88816000
89304000
89792000
90280000
90768000
91256000
91744000
92232000
92720000
93208000
93696000
94184000
94672000
95160000
95648000
96136000
96624000
97112000
97600000
98088000
98576000
99064000
99552000
Generated and successfully compiled proxy!
