0000000000001346 t AMQueueEntryP$0$AMPacket$setDestination
00000000000012c3 t AMQueueEntryP$0$AMPacket$setType
000000000000136c t AMQueueEntryP$0$AMSend$send
00000000000015d2 t AMQueueEntryP$0$AMSend$sendDone
0000000000001238 t AMQueueEntryP$0$Send$send
00000000000015f7 t AMQueueEntryP$0$Send$sendDone
000000000000109b t AMQueueImplP$0$AMPacket$destination
00000000000010fc t AMQueueImplP$0$AMPacket$type
0000000000000fe3 t AMQueueImplP$0$AMSend$send
0000000000001890 t AMQueueImplP$0$AMSend$sendDone
0000000000001701 t AMQueueImplP$0$CancelTask$runTask
00000000000022b0 t AMQueueImplP$0$Packet$payloadLength
000000000000111d t AMQueueImplP$0$Packet$setPayloadLength
000000000000161c t AMQueueImplP$0$Send$default$sendDone
0000000000001142 t AMQueueImplP$0$Send$send
0000000000001630 t AMQueueImplP$0$Send$sendDone
00000000002050a8 B AMQueueImplP$0$cancelMask
0000000000205042 D AMQueueImplP$0$current
00000000000024a2 t AMQueueImplP$0$errorTask$postTask
00000000000016c4 t AMQueueImplP$0$errorTask$runTask
0000000000002215 t AMQueueImplP$0$nextPacket
0000000000205080 B AMQueueImplP$0$queue
000000000000167b t AMQueueImplP$0$sendDone
0000000000002859 t AMQueueImplP$0$tryToSend
0000000000001c5c t ActiveMessageAddressC$ActiveMessageAddress$amAddress
0000000000002396 t ActiveMessageAddressC$ActiveMessageAddress$amGroup
0000000000001c2d t ActiveMessageAddressC$amAddress
0000000000205043 D ActiveMessageAddressC$group
0000000000002529 t LedsP$Init$init
0000000000001d79 t NS3MsgGatewayP$Receive$receive
0000000000002428 t NS3MsgGatewayP$Send$send
0000000000001963 t NS3MsgGatewayP$Send$sendDone
00000000000026a1 t NS3MsgGatewayP$State$done
00000000000029cd t NS3MsgGatewayP$State$turnOn
0000000000205068 B NS3MsgGatewayP$error_out
0000000000205110 B NS3MsgGatewayP$msg_in
0000000000205118 B NS3MsgGatewayP$msg_out
0000000000002645 t NS3MsgGatewayP$receive$postTask
0000000000001d9b t NS3MsgGatewayP$receive$runTask
0000000000002660 t NS3MsgGatewayP$sendDoneTask$postTask
0000000000001988 t NS3MsgGatewayP$sendDoneTask$runTask
0000000000001c7e t Ns3ActiveMessageC$AMPacket$address
0000000000001081 t Ns3ActiveMessageC$AMPacket$destination
0000000000001c89 t Ns3ActiveMessageC$AMPacket$isForMe
00000000000023da t Ns3ActiveMessageC$AMPacket$localGroup
0000000000001320 t Ns3ActiveMessageC$AMPacket$setDestination
0000000000002371 t Ns3ActiveMessageC$AMPacket$setGroup
0000000000002314 t Ns3ActiveMessageC$AMPacket$setSource
000000000000128c t Ns3ActiveMessageC$AMPacket$setType
00000000000010d6 t Ns3ActiveMessageC$AMPacket$type
00000000000028e8 t Ns3ActiveMessageC$AMSend$send
00000000000018f9 t Ns3ActiveMessageC$AMSend$sendDone
0000000000001c67 t Ns3ActiveMessageC$ActiveMessageAddress$amAddress
00000000000023c4 t Ns3ActiveMessageC$ActiveMessageAddress$amGroup
00000000000013f0 t Ns3ActiveMessageC$Packet$getPayload
00000000000022d1 t Ns3ActiveMessageC$Packet$maxPayloadLength
0000000000001cc5 t Ns3ActiveMessageC$Packet$payloadLength
000000000000299a t Ns3ActiveMessageC$Packet$setPayloadLength
0000000000001bb1 t Ns3ActiveMessageC$Receive$default$receive
0000000000001bcc t Ns3ActiveMessageC$Receive$receive
00000000000023fa t Ns3ActiveMessageC$SendNotifier$aboutToSend
00000000000023e5 t Ns3ActiveMessageC$SendNotifier$default$aboutToSend
00000000000019af t Ns3ActiveMessageC$Snoop$default$receive
00000000000019ca t Ns3ActiveMessageC$Snoop$receive
0000000000001803 t Ns3ActiveMessageC$SplitControl$start
0000000000001866 t Ns3ActiveMessageC$SplitControl$startDone
000000000000267b t Ns3ActiveMessageC$SplitControlStartDone$postTask
0000000000001880 t Ns3ActiveMessageC$SplitControlStartDone$runTask
0000000000001cf9 t Ns3ActiveMessageC$SubReceive$receive
0000000000002481 t Ns3ActiveMessageC$SubSend$send
0000000000001927 t Ns3ActiveMessageC$SubSend$sendDone
0000000000002696 t Ns3ActiveMessageC$SubState$done
00000000000017ed t Ns3ActiveMessageC$SubState$turnOn
000000000000105b t Ns3ActiveMessageC$destination
000000000000104d t Ns3ActiveMessageC$getHeader
0000000000001ce7 t Ns3ActiveMessageC$getPayload
00000000000012e8 t Ns3ActiveMessageC$setDestination
000000000000233a t Ns3ActiveMessageC$setGroup
00000000000022dc t Ns3ActiveMessageC$setSource
00000000000024fb t NsTimerP$Init$init
0000000000001dc5 t NsTimerP$Timer$fired
0000000000001a04 t NsTimerP$Timer$getNow
0000000000001df2 t NsTimerP$Timer$startOneShotAt
0000000000001e86 t NsTimerP$Timer$stop
0000000000205090 B NsTimerP$m_timer
0000000000205060 B NsTimerP$time_now
0000000000001dd0 t NsTimerP$updateTimer
000000000000256e t PlatformP$Init$init
0000000000002534 t PlatformP$SubInit$init
0000000000002513 t PlatformP$TimerInit$init
0000000000001813 t RadioTestC$AMControl$start
0000000000001829 t RadioTestC$AMControl$startDone
00000000000013ba t RadioTestC$AMSend$send
0000000000001585 t RadioTestC$AMSend$sendDone
00000000000025ca t RadioTestC$Boot$booted
000000000000211c t RadioTestC$MilliTimer$fired
0000000000001aef t RadioTestC$MilliTimer$startOneShot
0000000000001407 t RadioTestC$Packet$getPayload
0000000000001b0b t RadioTestC$Receive$receive
0000000000205066 B RadioTestC$counter
0000000000205064 B RadioTestC$dest
0000000000205120 B RadioTestC$locked
00000000002050e0 B RadioTestC$packet
0000000000002101 t RadioTestC$send$postTask
0000000000001434 t RadioTestC$send$runTask
00000000000024bd t SchedulerBasicP$Scheduler$init
00000000000020b1 t SchedulerBasicP$Scheduler$runNextTask
0000000000001fb5 t SchedulerBasicP$TaskBasic$default$runTask
0000000000002815 t SchedulerBasicP$TaskBasic$postTask
0000000000001fc0 t SchedulerBasicP$TaskBasic$runTask
000000000000215c t SchedulerBasicP$isWaiting
0000000000205121 B SchedulerBasicP$m_head
00000000002050aa B SchedulerBasicP$m_next
00000000002050d4 B SchedulerBasicP$m_tail
0000000000002039 t SchedulerBasicP$popTask
0000000000002197 t SchedulerBasicP$pushTask
0000000000002612 t SimMainP$Boot$booted
000000000000259e t SimMainP$PlatformInit$init
00000000000024f0 t SimMainP$Scheduler$init
00000000000025b4 t SimMainP$SoftwareInit$init
000000000000261d t SimMoteP$SimMote$setEuid
0000000000002635 t SimMoteP$SimMote$turnOn
00000000002050a0 B SimMoteP$euid
00000000002050a9 B SimMoteP$isOn
0000000000205040 D TOS_NODE_ID
0000000000002127 t VirtualizeTimerC$0$Timer$default$fired
0000000000002132 t VirtualizeTimerC$0$Timer$fired
0000000000001ac3 t VirtualizeTimerC$0$Timer$startOneShot
0000000000001db3 t VirtualizeTimerC$0$TimerFrom$fired
0000000000001a13 t VirtualizeTimerC$0$TimerFrom$getNow
0000000000001e67 t VirtualizeTimerC$0$TimerFrom$startOneShotAt
0000000000001eee t VirtualizeTimerC$0$TimerFrom$stop
000000000000275b t VirtualizeTimerC$0$fireTimers
00000000002050c8 B VirtualizeTimerC$0$m_timers
0000000000001a43 t VirtualizeTimerC$0$startTimer
0000000000001a28 t VirtualizeTimerC$0$updateFromTimer$postTask
0000000000001ef9 t VirtualizeTimerC$0$updateFromTimer$runTask
0000000000204e00 a _DYNAMIC
0000000000204fe8 a _GLOBAL_OFFSET_TABLE_
0000000000205044 A __bss_start
0000000000000f4b T __nesc_atomic_end
0000000000000f40 T __nesc_atomic_start
0000000000000fa9 t __nesc_hton_uint16
0000000000000f56 t __nesc_hton_uint32
0000000000001267 t __nesc_hton_uint8
000000000000101c t __nesc_ntoh_uint16
00000000000010bd t __nesc_ntoh_uint8
0000000000205044 A _edata
0000000000205128 A _end
00000000002050b8 B a
000000000000254a t ecombine
                 U gateway
                 U gatewayRadio
00000000002050b4 B id_this_lib
                 U memset
                 U printf
00000000002050c0 B proxy
                 U puts
0000000000002bc5 T radioStartDone
0000000000002b52 T radioStateDone
0000000000002b62 T receiveMessage
0000000000002744 T runNextEventExternal
0000000000002b88 T sendDone
00000000000026d9 T setProxy
00000000000026ac T setUniqueID
0000000000002a53 T sim_main_start_mote
0000000000002b49 T sim_mote_enqueue_boot_event
0000000000002aaa T sim_mote_euid
0000000000002ae3 T sim_mote_get_variable_info
0000000000002b0f T sim_mote_is_on
0000000000002ab8 T sim_mote_set_euid
0000000000002b02 T sim_mote_set_start_time
0000000000002ad5 T sim_mote_start_time
0000000000002b40 T sim_mote_turn_off
0000000000002b22 T sim_mote_turn_on
0000000000002a0e T tickFired
