
**** Build of configuration Default for project ns-3.14 ****

/home/lauril/dev/symphony/ns-3.14/waf build 
Waf: Entering directory `/home/lauril/dev/symphony/ns-3.14/build'
Waf: Leaving directory `/home/lauril/dev/symphony/ns-3.14/build'
'build' finished successfully (0.267s)
Generated and successfully compiled proxy!

Modules built:
antenna                   aodv                      applications             
bridge                    buildings                 config-store             
core                      csma                      csma-layout              
dsdv                      dsr                       emu                      
energy                    flow-monitor              internet                 
lte                       mesh                      mobility                 
mpi                       netanim (no Python)       network                  
nix-vector-routing        olsr                      point-to-point           
point-to-point-layout     propagation               spectrum                 
stats                     symphony (no Python)      tap-bridge               
test (no Python)          tools                     topology-read            
uan                       virtual-net-device        visualizer               
wifi                      wimax                    

Modules not built:
click                     openflow                 


**** Build Finished ****
