	linux-vdso.so.1 =>  (0x00007fff71dff000)
	libns3-dev-symphony-debug.so => /home/lauril/dev/symphony/ns-3.14/build/libns3-dev-symphony-debug.so (0x00007fe2da66b000)
	libns3-dev-tos-loader-debug.so => /home/lauril/dev/symphony/ns-3.14/build/libns3-dev-tos-loader-debug.so (0x00007fe2da467000)
	libns3-dev-wifi-debug.so => /home/lauril/dev/symphony/ns-3.14/build/libns3-dev-wifi-debug.so (0x00007fe2d9f71000)
	libns3-dev-propagation-debug.so => /home/lauril/dev/symphony/ns-3.14/build/libns3-dev-propagation-debug.so (0x00007fe2d9d01000)
	libns3-dev-mobility-debug.so => /home/lauril/dev/symphony/ns-3.14/build/libns3-dev-mobility-debug.so (0x00007fe2d9a3a000)
	libns3-dev-applications-debug.so => /home/lauril/dev/symphony/ns-3.14/build/libns3-dev-applications-debug.so (0x00007fe2d974e000)
	libns3-dev-internet-debug.so => /home/lauril/dev/symphony/ns-3.14/build/libns3-dev-internet-debug.so (0x00007fe2d90a4000)
	libns3-dev-bridge-debug.so => /home/lauril/dev/symphony/ns-3.14/build/libns3-dev-bridge-debug.so (0x00007fe2d8e6f000)
	libns3-dev-mpi-debug.so => /home/lauril/dev/symphony/ns-3.14/build/libns3-dev-mpi-debug.so (0x00007fe2d8c57000)
	libns3-dev-emu-debug.so => /home/lauril/dev/symphony/ns-3.14/build/libns3-dev-emu-debug.so (0x00007fe2d8a04000)
	libns3-dev-config-store-debug.so => /home/lauril/dev/symphony/ns-3.14/build/libns3-dev-config-store-debug.so (0x00007fe2d87cd000)
	libns3-dev-tools-debug.so => /home/lauril/dev/symphony/ns-3.14/build/libns3-dev-tools-debug.so (0x00007fe2d85a1000)
	libns3-dev-stats-debug.so => /home/lauril/dev/symphony/ns-3.14/build/libns3-dev-stats-debug.so (0x00007fe2d8385000)
	libns3-dev-network-debug.so => /home/lauril/dev/symphony/ns-3.14/build/libns3-dev-network-debug.so (0x00007fe2d7ffe000)
	libns3-dev-core-debug.so => /home/lauril/dev/symphony/ns-3.14/build/libns3-dev-core-debug.so (0x00007fe2d7c97000)
	librt.so.1 => /lib/x86_64-linux-gnu/librt.so.1 (0x00007fe2d7a7c000)
	libgsl.so.0 => /usr/lib/libgsl.so.0 (0x00007fe2d7667000)
	libgslcblas.so.0 => /usr/lib/libgslcblas.so.0 (0x00007fe2d742b000)
	libdl.so.2 => /lib/x86_64-linux-gnu/libdl.so.2 (0x00007fe2d7227000)
	libgtk-x11-2.0.so.0 => /usr/lib/libgtk-x11-2.0.so.0 (0x00007fe2d6be4000)
	libgdk-x11-2.0.so.0 => /usr/lib/libgdk-x11-2.0.so.0 (0x00007fe2d6930000)
	libatk-1.0.so.0 => /usr/lib/x86_64-linux-gnu/libatk-1.0.so.0 (0x00007fe2d670f000)
	libgio-2.0.so.0 => /usr/lib/x86_64-linux-gnu/libgio-2.0.so.0 (0x00007fe2d63e4000)
	libpangoft2-1.0.so.0 => /usr/lib/x86_64-linux-gnu/libpangoft2-1.0.so.0 (0x00007fe2d61b7000)
	libpangocairo-1.0.so.0 => /usr/lib/x86_64-linux-gnu/libpangocairo-1.0.so.0 (0x00007fe2d5faa000)
	libgdk_pixbuf-2.0.so.0 => /usr/lib/libgdk_pixbuf-2.0.so.0 (0x00007fe2d5d8a000)
	libm.so.6 => /lib/x86_64-linux-gnu/libm.so.6 (0x00007fe2d5b04000)
	libcairo.so.2 => /usr/lib/libcairo.so.2 (0x00007fe2d5843000)
	libpango-1.0.so.0 => /usr/lib/x86_64-linux-gnu/libpango-1.0.so.0 (0x00007fe2d55f9000)
	libfreetype.so.6 => /usr/lib/x86_64-linux-gnu/libfreetype.so.6 (0x00007fe2d535f000)
	libfontconfig.so.1 => /usr/lib/x86_64-linux-gnu/libfontconfig.so.1 (0x00007fe2d5129000)
	libgobject-2.0.so.0 => /usr/lib/x86_64-linux-gnu/libgobject-2.0.so.0 (0x00007fe2d4ed8000)
	libgmodule-2.0.so.0 => /usr/lib/x86_64-linux-gnu/libgmodule-2.0.so.0 (0x00007fe2d4cd3000)
	libgthread-2.0.so.0 => /usr/lib/x86_64-linux-gnu/libgthread-2.0.so.0 (0x00007fe2d4ace000)
	libglib-2.0.so.0 => /lib/x86_64-linux-gnu/libglib-2.0.so.0 (0x00007fe2d47df000)
	libxml2.so.2 => /usr/lib/libxml2.so.2 (0x00007fe2d448a000)
	libsqlite3.so.0 => /usr/lib/x86_64-linux-gnu/libsqlite3.so.0 (0x00007fe2d41f1000)
	libxerces-c-3.1.so => /usr/lib/libxerces-c-3.1.so (0x00007fe2d3c50000)
	libstdc++.so.6 => /usr/lib/x86_64-linux-gnu/libstdc++.so.6 (0x00007fe2d3949000)
	libgcc_s.so.1 => /lib/x86_64-linux-gnu/libgcc_s.so.1 (0x00007fe2d3733000)
	libpthread.so.0 => /lib/x86_64-linux-gnu/libpthread.so.0 (0x00007fe2d3515000)
	libc.so.6 => /lib/x86_64-linux-gnu/libc.so.6 (0x00007fe2d317c000)
	../elf/ldso => /lib64/ld-linux-x86-64.so.2 (0x00007fe2da998000)
	libX11.so.6 => /usr/lib/x86_64-linux-gnu/libX11.so.6 (0x00007fe2d2e41000)
	libXcomposite.so.1 => /usr/lib/x86_64-linux-gnu/libXcomposite.so.1 (0x00007fe2d2c3e000)
	libXdamage.so.1 => /usr/lib/x86_64-linux-gnu/libXdamage.so.1 (0x00007fe2d2a3a000)
	libXfixes.so.3 => /usr/lib/x86_64-linux-gnu/libXfixes.so.3 (0x00007fe2d2834000)
	libXext.so.6 => /usr/lib/x86_64-linux-gnu/libXext.so.6 (0x00007fe2d2621000)
	libXrender.so.1 => /usr/lib/x86_64-linux-gnu/libXrender.so.1 (0x00007fe2d2416000)
	libXinerama.so.1 => /usr/lib/x86_64-linux-gnu/libXinerama.so.1 (0x00007fe2d2213000)
	libXi.so.6 => /usr/lib/x86_64-linux-gnu/libXi.so.6 (0x00007fe2d2003000)
	libXrandr.so.2 => /usr/lib/x86_64-linux-gnu/libXrandr.so.2 (0x00007fe2d1df9000)
	libXcursor.so.1 => /usr/lib/x86_64-linux-gnu/libXcursor.so.1 (0x00007fe2d1bef000)
	libpcre.so.3 => /lib/x86_64-linux-gnu/libpcre.so.3 (0x00007fe2d19b2000)
	libresolv.so.2 => /lib/x86_64-linux-gnu/libresolv.so.2 (0x00007fe2d1797000)
	libz.so.1 => /lib/x86_64-linux-gnu/libz.so.1 (0x00007fe2d157f000)
	libselinux.so.1 => /lib/x86_64-linux-gnu/libselinux.so.1 (0x00007fe2d1360000)
	libpixman-1.so.0 => /usr/lib/libpixman-1.so.0 (0x00007fe2d10f2000)
	libpng12.so.0 => /lib/x86_64-linux-gnu/libpng12.so.0 (0x00007fe2d0eca000)
	libxcb-shm.so.0 => /usr/lib/x86_64-linux-gnu/libxcb-shm.so.0 (0x00007fe2d0cc7000)
	libxcb-render.so.0 => /usr/lib/x86_64-linux-gnu/libxcb-render.so.0 (0x00007fe2d0abe000)
	libxcb.so.1 => /usr/lib/x86_64-linux-gnu/libxcb.so.1 (0x00007fe2d08a1000)
	libexpat.so.1 => /lib/x86_64-linux-gnu/libexpat.so.1 (0x00007fe2d0677000)
	libXau.so.6 => /usr/lib/x86_64-linux-gnu/libXau.so.6 (0x00007fe2d0473000)
	libXdmcp.so.6 => /usr/lib/x86_64-linux-gnu/libXdmcp.so.6 (0x00007fe2d026d000)
